<?xml version="1.0" encoding="UTF-8"?>
<testng-results ignored="0" total="1" passed="1" failed="0" skipped="0">
  <reporter-output>
  </reporter-output>
  <suite started-at="2022-07-21T08:05:34 PDT" name="Default suite" finished-at="2022-07-21T08:05:57 PDT" duration-ms="23370">
    <groups>
    </groups>
    <test started-at="2022-07-21T08:05:34 PDT" name="Default test" finished-at="2022-07-21T08:05:57 PDT" duration-ms="23370">
      <class name="Maven.NewTest">
        <test-method is-config="true" signature="beforeTest()[pri:0, instance:Maven.NewTest@17497425]" started-at="2022-07-21T08:05:34 PDT" name="beforeTest" finished-at="2022-07-21T08:05:44 PDT" duration-ms="10307" status="PASS">
          <reporter-output>
          </reporter-output>
        </test-method> <!-- beforeTest -->
        <test-method signature="f()[pri:0, instance:Maven.NewTest@17497425]" started-at="2022-07-21T08:05:44 PDT" name="f" finished-at="2022-07-21T08:05:56 PDT" duration-ms="11754" status="PASS">
          <reporter-output>
          </reporter-output>
        </test-method> <!-- f -->
        <test-method is-config="true" signature="afterTest()[pri:0, instance:Maven.NewTest@17497425]" started-at="2022-07-21T08:05:56 PDT" name="afterTest" finished-at="2022-07-21T08:05:57 PDT" duration-ms="1253" status="PASS">
          <reporter-output>
          </reporter-output>
        </test-method> <!-- afterTest -->
      </class> <!-- Maven.NewTest -->
    </test> <!-- Default test -->
  </suite> <!-- Default suite -->
</testng-results>
