<?xml version="1.0" encoding="UTF-8"?>
<testng-results skipped="0" failed="0" ignored="0" total="1" passed="1">
  <reporter-output>
  </reporter-output>
  <suite name="Surefire suite" duration-ms="23156" started-at="2022-07-21T23:22:07 PDT" finished-at="2022-07-21T23:22:30 PDT">
    <groups>
    </groups>
    <test name="Surefire test" duration-ms="23156" started-at="2022-07-21T23:22:07 PDT" finished-at="2022-07-21T23:22:30 PDT">
      <class name="Maven.NewTest">
        <test-method status="PASS" signature="beforeTest()[pri:0, instance:Maven.NewTest@a7e666]" name="beforeTest" is-config="true" duration-ms="10822" started-at="2022-07-21T23:22:07 PDT" finished-at="2022-07-21T23:22:18 PDT">
          <reporter-output>
          </reporter-output>
        </test-method> <!-- beforeTest -->
        <test-method status="PASS" signature="f()[pri:0, instance:Maven.NewTest@a7e666]" name="f" duration-ms="11360" started-at="2022-07-21T23:22:18 PDT" finished-at="2022-07-21T23:22:29 PDT">
          <reporter-output>
          </reporter-output>
        </test-method> <!-- f -->
        <test-method status="PASS" signature="afterTest()[pri:0, instance:Maven.NewTest@a7e666]" name="afterTest" is-config="true" duration-ms="924" started-at="2022-07-21T23:22:29 PDT" finished-at="2022-07-21T23:22:30 PDT">
          <reporter-output>
          </reporter-output>
        </test-method> <!-- afterTest -->
      </class> <!-- Maven.NewTest -->
    </test> <!-- Surefire test -->
  </suite> <!-- Surefire suite -->
</testng-results>
