<?xml version="1.0" encoding="UTF-8"?>
<testsuite xmlns:xsi="http://www.w3.org/2001/XMLSchema-instance" xsi:noNamespaceSchemaLocation="https://maven.apache.org/surefire/maven-surefire-plugin/xsd/surefire-test-report-3.0.xsd" version="3.0" name="Maven.testdemo" time="26.576" tests="1" errors="0" skipped="0" failures="0">
  <properties>
[...]
</properties>
  <testcase name="f" classname="Maven.testdemo" time="12.501">
    <system-out><![CDATA[OrangeHRM  https://opensource-demo.orangehrmlive.com/
Admin
admin123
LOGIN
]]></system-out>
    <system-err><![CDATA[SLF4J: Failed to load class "org.slf4j.impl.StaticLoggerBinder".
SLF4J: Defaulting to no-operation (NOP) logger implementation
SLF4J: See http://www.slf4j.org/codes.html#StaticLoggerBinder for further details.
1658402259993	geckodriver	INFO	Listening on 127.0.0.1:42094
1658402260229	mozrunner::runner	INFO	Running command: "C:\\Program Files\\Mozilla Firefox\\firefox.exe" "--marionette" "-no-remote" "-profile" "C:\\Users\\madhu\\AppData\\Local\\Temp\\rust_mozprofileJYukzP"
1658402260620	Marionette	INFO	Marionette enabled
1658402260625	Marionette	INFO	Listening on port 58941
Read port: 58941
1658402260761	RemoteAgent	WARN	TLS certificate errors will be ignored for this session
console.warn: SearchSettings: "get: No settings file exists, new profile?" (new NotFoundError("Could not open the file at C:\\Users\\madhu\\AppData\\Local\\Temp\\rust_mozprofileJYukzP\\search.json.mozlz4", (void 0)))
Jul 21, 2022 4:17:42 AM org.openqa.selenium.remote.ProtocolHandshake createSession
INFO: Detected dialect: W3C
console.warn: LoginRecipes: "getRecipes: falling back to a synchronous message for:" "https://opensource-demo.orangehrmlive.com"
console.warn: LoginRecipes: "getRecipes: falling back to a synchronous meJsasvaagSec rfioprt: "er r"ohrt:t prse:s/o/urocpeen:s/o/gurrec/emo-dduelmeos./oLroaginManagerParent.jsm, nlgienher m13l6:i vTye.pceoEmr"ror:
 gRecipeManager is null
]]></system-err>
  </testcase>
</testsuite>